2025-04-14 15:33:59,526 [INFO] org.studyeasy.SpringRestDemo.SpringRestDemoApplication [main] Starting SpringRestDemoApplication using Java 21.0.6 with PID 10176 (/home/abrahamnyagar/Desktop/spring-boot/SpringRestDemo/target/classes started by abrahamnyagar in /home/abrahamnyagar/Desktop/spring-boot/SpringRestDemo)
2025-04-14 15:33:59,533 [DEBUG] org.studyeasy.SpringRestDemo.SpringRestDemoApplication [main] Running with Spring Boot v3.3.10, Spring v6.1.18
2025-04-14 15:33:59,534 [INFO] org.studyeasy.SpringRestDemo.SpringRestDemoApplication [main] No active profile set, falling back to 1 default profile: "default"
2025-04-14 15:34:00,646 [INFO] org.springframework.data.repository.config.RepositoryConfigurationDelegate [main] Bootstrapping Spring Data JPA repositories in DEFAULT mode.
2025-04-14 15:34:00,721 [INFO] org.springframework.data.repository.config.RepositoryConfigurationDelegate [main] Finished Spring Data repository scanning in 68 ms. Found 1 JPA repository interface.
2025-04-14 15:34:01,428 [INFO] org.springframework.boot.web.embedded.tomcat.TomcatWebServer [main] Tomcat initialized with port 8080 (http)
2025-04-14 15:34:01,446 [INFO] org.apache.catalina.core.StandardService [main] Starting service [Tomcat]
2025-04-14 15:34:01,446 [INFO] org.apache.catalina.core.StandardEngine [main] Starting Servlet engine: [Apache Tomcat/10.1.39]
2025-04-14 15:34:01,519 [INFO] org.apache.catalina.core.ContainerBase.[Tomcat].[localhost].[/] [main] Initializing Spring embedded WebApplicationContext
2025-04-14 15:34:01,520 [INFO] org.springframework.boot.web.servlet.context.ServletWebServerApplicationContext [main] Root WebApplicationContext: initialization completed in 1914 ms
2025-04-14 15:34:01,773 [INFO] org.hibernate.jpa.internal.util.LogHelper [main] HHH000204: Processing PersistenceUnitInfo [name: default]
2025-04-14 15:34:01,854 [INFO] org.hibernate.Version [main] HHH000412: Hibernate ORM core version 6.5.3.Final
2025-04-14 15:34:01,921 [INFO] org.hibernate.cache.internal.RegionFactoryInitiator [main] HHH000026: Second-level cache disabled
2025-04-14 15:34:02,190 [INFO] org.springframework.orm.jpa.persistenceunit.SpringPersistenceUnitInfo [main] No LoadTimeWeaver setup: ignoring JPA class transformer
2025-04-14 15:34:02,225 [INFO] com.zaxxer.hikari.HikariDataSource [main] HikariPool-1 - Starting...
2025-04-14 15:34:02,475 [INFO] com.zaxxer.hikari.pool.HikariPool [main] HikariPool-1 - Added connection conn0: url=jdbc:h2:file:~/db/blogdb user=ADMIN
2025-04-14 15:34:02,477 [INFO] com.zaxxer.hikari.HikariDataSource [main] HikariPool-1 - Start completed.
2025-04-14 15:34:02,501 [WARN] org.hibernate.orm.deprecation [main] HHH90000025: H2Dialect does not need to be specified explicitly using 'hibernate.dialect' (remove the property setting and it will be selected by default)
2025-04-14 15:34:03,237 [INFO] org.hibernate.engine.transaction.jta.platform.internal.JtaPlatformInitiator [main] HHH000489: No JTA platform available (set 'hibernate.transaction.jta.platform' to enable JTA platform integration)
2025-04-14 15:34:03,275 [INFO] org.springframework.orm.jpa.LocalContainerEntityManagerFactoryBean [main] Initialized JPA EntityManagerFactory for persistence unit 'default'
2025-04-14 15:34:04,316 [WARN] org.springframework.boot.autoconfigure.orm.jpa.JpaBaseConfiguration$JpaWebConfiguration [main] spring.jpa.open-in-view is enabled by default. Therefore, database queries may be performed during view rendering. Explicitly configure spring.jpa.open-in-view to disable this warning
2025-04-14 15:34:04,339 [INFO] org.springframework.security.config.annotation.authentication.configuration.InitializeUserDetailsBeanManagerConfigurer$InitializeUserDetailsManagerConfigurer [main] Global AuthenticationManager configured with UserDetailsService bean with name accountService
2025-04-14 15:34:04,974 [INFO] org.springframework.boot.autoconfigure.h2.H2ConsoleAutoConfiguration [main] H2 console available at '/db-console'. Database available at 'jdbc:h2:file:~/db/blogdb'
2025-04-14 15:34:05,069 [INFO] org.springframework.boot.web.embedded.tomcat.TomcatWebServer [main] Tomcat started on port 8080 (http) with context path '/'
2025-04-14 15:34:05,082 [INFO] org.studyeasy.SpringRestDemo.SpringRestDemoApplication [main] Started SpringRestDemoApplication in 6.137 seconds (process running for 6.794)
2025-04-14 15:56:54,640 [INFO] org.apache.catalina.core.ContainerBase.[Tomcat].[localhost].[/] [http-nio-8080-exec-1] Initializing Spring DispatcherServlet 'dispatcherServlet'
2025-04-14 15:56:54,640 [INFO] org.springframework.web.servlet.DispatcherServlet [http-nio-8080-exec-1] Initializing Servlet 'dispatcherServlet'
2025-04-14 15:56:54,642 [INFO] org.springframework.web.servlet.DispatcherServlet [http-nio-8080-exec-1] Completed initialization in 2 ms
2025-04-14 15:56:57,294 [INFO] org.springframework.orm.jpa.LocalContainerEntityManagerFactoryBean [SpringApplicationShutdownHook] Closing JPA EntityManagerFactory for persistence unit 'default'
2025-04-14 15:56:57,297 [INFO] com.zaxxer.hikari.HikariDataSource [SpringApplicationShutdownHook] HikariPool-1 - Shutdown initiated...
2025-04-14 15:56:57,299 [INFO] com.zaxxer.hikari.HikariDataSource [SpringApplicationShutdownHook] HikariPool-1 - Shutdown completed.
2025-04-14 15:57:00,075 [INFO] org.studyeasy.SpringRestDemo.SpringRestDemoApplication [main] Starting SpringRestDemoApplication using Java 21.0.6 with PID 25849 (/home/abrahamnyagar/Desktop/spring-boot/SpringRestDemo/target/classes started by abrahamnyagar in /home/abrahamnyagar/Desktop/spring-boot/SpringRestDemo)
2025-04-14 15:57:00,076 [DEBUG] org.studyeasy.SpringRestDemo.SpringRestDemoApplication [main] Running with Spring Boot v3.3.10, Spring v6.1.18
2025-04-14 15:57:00,077 [INFO] org.studyeasy.SpringRestDemo.SpringRestDemoApplication [main] No active profile set, falling back to 1 default profile: "default"
2025-04-14 15:57:01,052 [INFO] org.springframework.data.repository.config.RepositoryConfigurationDelegate [main] Bootstrapping Spring Data JPA repositories in DEFAULT mode.
2025-04-14 15:57:01,128 [INFO] org.springframework.data.repository.config.RepositoryConfigurationDelegate [main] Finished Spring Data repository scanning in 65 ms. Found 1 JPA repository interface.
2025-04-14 15:57:01,700 [INFO] org.springframework.boot.web.embedded.tomcat.TomcatWebServer [main] Tomcat initialized with port 8080 (http)
2025-04-14 15:57:01,718 [INFO] org.apache.catalina.core.StandardService [main] Starting service [Tomcat]
2025-04-14 15:57:01,718 [INFO] org.apache.catalina.core.StandardEngine [main] Starting Servlet engine: [Apache Tomcat/10.1.39]
2025-04-14 15:57:01,785 [INFO] org.apache.catalina.core.ContainerBase.[Tomcat].[localhost].[/] [main] Initializing Spring embedded WebApplicationContext
2025-04-14 15:57:01,786 [INFO] org.springframework.boot.web.servlet.context.ServletWebServerApplicationContext [main] Root WebApplicationContext: initialization completed in 1656 ms
2025-04-14 15:57:01,957 [INFO] org.hibernate.jpa.internal.util.LogHelper [main] HHH000204: Processing PersistenceUnitInfo [name: default]
2025-04-14 15:57:02,009 [INFO] org.hibernate.Version [main] HHH000412: Hibernate ORM core version 6.5.3.Final
2025-04-14 15:57:02,061 [INFO] org.hibernate.cache.internal.RegionFactoryInitiator [main] HHH000026: Second-level cache disabled
2025-04-14 15:57:02,337 [INFO] org.springframework.orm.jpa.persistenceunit.SpringPersistenceUnitInfo [main] No LoadTimeWeaver setup: ignoring JPA class transformer
2025-04-14 15:57:02,366 [INFO] com.zaxxer.hikari.HikariDataSource [main] HikariPool-1 - Starting...
2025-04-14 15:57:02,563 [INFO] com.zaxxer.hikari.pool.HikariPool [main] HikariPool-1 - Added connection conn0: url=jdbc:h2:file:~/db/blogdb user=ADMIN
2025-04-14 15:57:02,565 [INFO] com.zaxxer.hikari.HikariDataSource [main] HikariPool-1 - Start completed.
2025-04-14 15:57:02,592 [WARN] org.hibernate.orm.deprecation [main] HHH90000025: H2Dialect does not need to be specified explicitly using 'hibernate.dialect' (remove the property setting and it will be selected by default)
2025-04-14 15:57:03,239 [INFO] org.hibernate.engine.transaction.jta.platform.internal.JtaPlatformInitiator [main] HHH000489: No JTA platform available (set 'hibernate.transaction.jta.platform' to enable JTA platform integration)
2025-04-14 15:57:03,279 [INFO] org.springframework.orm.jpa.LocalContainerEntityManagerFactoryBean [main] Initialized JPA EntityManagerFactory for persistence unit 'default'
2025-04-14 15:57:04,166 [WARN] org.springframework.boot.autoconfigure.orm.jpa.JpaBaseConfiguration$JpaWebConfiguration [main] spring.jpa.open-in-view is enabled by default. Therefore, database queries may be performed during view rendering. Explicitly configure spring.jpa.open-in-view to disable this warning
2025-04-14 15:57:04,191 [INFO] org.springframework.security.config.annotation.authentication.configuration.InitializeUserDetailsBeanManagerConfigurer$InitializeUserDetailsManagerConfigurer [main] Global AuthenticationManager configured with UserDetailsService bean with name accountService
2025-04-14 15:57:04,756 [INFO] org.springframework.boot.autoconfigure.h2.H2ConsoleAutoConfiguration [main] H2 console available at '/db-console'. Database available at 'jdbc:h2:file:~/db/blogdb'
2025-04-14 15:57:04,830 [INFO] org.springframework.boot.web.embedded.tomcat.TomcatWebServer [main] Tomcat started on port 8080 (http) with context path '/'
2025-04-14 15:57:04,841 [INFO] org.studyeasy.SpringRestDemo.SpringRestDemoApplication [main] Started SpringRestDemoApplication in 5.267 seconds (process running for 5.562)
2025-04-14 15:57:13,405 [INFO] org.apache.catalina.core.ContainerBase.[Tomcat].[localhost].[/] [http-nio-8080-exec-1] Initializing Spring DispatcherServlet 'dispatcherServlet'
2025-04-14 15:57:13,405 [INFO] org.springframework.web.servlet.DispatcherServlet [http-nio-8080-exec-1] Initializing Servlet 'dispatcherServlet'
2025-04-14 15:57:13,406 [INFO] org.springframework.web.servlet.DispatcherServlet [http-nio-8080-exec-1] Completed initialization in 1 ms
2025-04-14 15:57:20,575 [INFO] org.springdoc.api.AbstractOpenApiResource [http-nio-8080-exec-7] Init duration for springdoc-openapi is: 363 ms
2025-04-14 16:28:57,430 [INFO] org.springframework.orm.jpa.LocalContainerEntityManagerFactoryBean [SpringApplicationShutdownHook] Closing JPA EntityManagerFactory for persistence unit 'default'
2025-04-14 16:28:57,436 [INFO] com.zaxxer.hikari.HikariDataSource [SpringApplicationShutdownHook] HikariPool-1 - Shutdown initiated...
2025-04-14 16:28:57,439 [INFO] com.zaxxer.hikari.HikariDataSource [SpringApplicationShutdownHook] HikariPool-1 - Shutdown completed.
2025-04-14 16:29:03,960 [INFO] org.studyeasy.SpringRestDemo.SpringRestDemoApplication [main] Starting SpringRestDemoApplication using Java 21.0.6 with PID 46138 (/home/abrahamnyagar/Desktop/spring-boot/SpringRestDemo/target/classes started by abrahamnyagar in /home/abrahamnyagar/Desktop/spring-boot/SpringRestDemo)
2025-04-14 16:29:03,961 [DEBUG] org.studyeasy.SpringRestDemo.SpringRestDemoApplication [main] Running with Spring Boot v3.3.10, Spring v6.1.18
2025-04-14 16:29:03,962 [INFO] org.studyeasy.SpringRestDemo.SpringRestDemoApplication [main] No active profile set, falling back to 1 default profile: "default"
2025-04-14 16:29:04,935 [INFO] org.springframework.data.repository.config.RepositoryConfigurationDelegate [main] Bootstrapping Spring Data JPA repositories in DEFAULT mode.
2025-04-14 16:29:04,993 [INFO] org.springframework.data.repository.config.RepositoryConfigurationDelegate [main] Finished Spring Data repository scanning in 50 ms. Found 1 JPA repository interface.
2025-04-14 16:29:05,491 [INFO] org.springframework.boot.web.embedded.tomcat.TomcatWebServer [main] Tomcat initialized with port 8080 (http)
2025-04-14 16:29:05,506 [INFO] org.apache.catalina.core.StandardService [main] Starting service [Tomcat]
2025-04-14 16:29:05,507 [INFO] org.apache.catalina.core.StandardEngine [main] Starting Servlet engine: [Apache Tomcat/10.1.39]
2025-04-14 16:29:05,569 [INFO] org.apache.catalina.core.ContainerBase.[Tomcat].[localhost].[/] [main] Initializing Spring embedded WebApplicationContext
2025-04-14 16:29:05,569 [INFO] org.springframework.boot.web.servlet.context.ServletWebServerApplicationContext [main] Root WebApplicationContext: initialization completed in 1553 ms
2025-04-14 16:29:05,748 [INFO] org.hibernate.jpa.internal.util.LogHelper [main] HHH000204: Processing PersistenceUnitInfo [name: default]
2025-04-14 16:29:05,797 [INFO] org.hibernate.Version [main] HHH000412: Hibernate ORM core version 6.5.3.Final
2025-04-14 16:29:05,844 [INFO] org.hibernate.cache.internal.RegionFactoryInitiator [main] HHH000026: Second-level cache disabled
2025-04-14 16:29:06,101 [INFO] org.springframework.orm.jpa.persistenceunit.SpringPersistenceUnitInfo [main] No LoadTimeWeaver setup: ignoring JPA class transformer
2025-04-14 16:29:06,133 [INFO] com.zaxxer.hikari.HikariDataSource [main] HikariPool-1 - Starting...
2025-04-14 16:29:06,308 [INFO] com.zaxxer.hikari.pool.HikariPool [main] HikariPool-1 - Added connection conn0: url=jdbc:h2:file:~/db/blogdb user=ADMIN
2025-04-14 16:29:06,310 [INFO] com.zaxxer.hikari.HikariDataSource [main] HikariPool-1 - Start completed.
2025-04-14 16:29:06,337 [WARN] org.hibernate.orm.deprecation [main] HHH90000025: H2Dialect does not need to be specified explicitly using 'hibernate.dialect' (remove the property setting and it will be selected by default)
2025-04-14 16:29:06,966 [INFO] org.hibernate.engine.transaction.jta.platform.internal.JtaPlatformInitiator [main] HHH000489: No JTA platform available (set 'hibernate.transaction.jta.platform' to enable JTA platform integration)
2025-04-14 16:29:06,994 [INFO] org.springframework.orm.jpa.LocalContainerEntityManagerFactoryBean [main] Initialized JPA EntityManagerFactory for persistence unit 'default'
2025-04-14 16:29:08,001 [WARN] org.springframework.boot.autoconfigure.orm.jpa.JpaBaseConfiguration$JpaWebConfiguration [main] spring.jpa.open-in-view is enabled by default. Therefore, database queries may be performed during view rendering. Explicitly configure spring.jpa.open-in-view to disable this warning
2025-04-14 16:29:08,027 [INFO] org.springframework.security.config.annotation.authentication.configuration.InitializeUserDetailsBeanManagerConfigurer$InitializeUserDetailsManagerConfigurer [main] Global AuthenticationManager configured with UserDetailsService bean with name accountService
2025-04-14 16:29:08,590 [INFO] org.springframework.boot.autoconfigure.h2.H2ConsoleAutoConfiguration [main] H2 console available at '/db-console'. Database available at 'jdbc:h2:file:~/db/blogdb'
2025-04-14 16:29:08,663 [INFO] org.springframework.boot.web.embedded.tomcat.TomcatWebServer [main] Tomcat started on port 8080 (http) with context path '/'
2025-04-14 16:29:08,674 [INFO] org.studyeasy.SpringRestDemo.SpringRestDemoApplication [main] Started SpringRestDemoApplication in 5.156 seconds (process running for 5.482)
2025-04-14 16:29:14,941 [INFO] org.apache.catalina.core.ContainerBase.[Tomcat].[localhost].[/] [http-nio-8080-exec-1] Initializing Spring DispatcherServlet 'dispatcherServlet'
2025-04-14 16:29:14,941 [INFO] org.springframework.web.servlet.DispatcherServlet [http-nio-8080-exec-1] Initializing Servlet 'dispatcherServlet'
2025-04-14 16:29:14,943 [INFO] org.springframework.web.servlet.DispatcherServlet [http-nio-8080-exec-1] Completed initialization in 1 ms
2025-04-14 16:29:15,654 [INFO] org.springdoc.api.AbstractOpenApiResource [http-nio-8080-exec-7] Init duration for springdoc-openapi is: 410 ms
2025-04-14 16:30:06,946 [WARN] org.springframework.web.servlet.mvc.support.DefaultHandlerExceptionResolver [http-nio-8080-exec-9] Resolved [org.springframework.web.HttpMediaTypeNotSupportedException: Content-Type is not supported]
2025-04-14 16:31:11,757 [WARN] org.springframework.web.servlet.mvc.support.DefaultHandlerExceptionResolver [http-nio-8080-exec-5] Resolved [org.springframework.web.HttpMediaTypeNotSupportedException: Content-Type is not supported]
2025-04-14 16:33:57,183 [WARN] org.springframework.web.servlet.mvc.support.DefaultHandlerExceptionResolver [http-nio-8080-exec-9] Resolved [org.springframework.web.HttpMediaTypeNotSupportedException: Content-Type is not supported]
2025-04-14 16:40:47,823 [INFO] org.springframework.orm.jpa.LocalContainerEntityManagerFactoryBean [SpringApplicationShutdownHook] Closing JPA EntityManagerFactory for persistence unit 'default'
2025-04-14 16:40:47,826 [INFO] com.zaxxer.hikari.HikariDataSource [SpringApplicationShutdownHook] HikariPool-1 - Shutdown initiated...
2025-04-14 16:40:47,828 [INFO] com.zaxxer.hikari.HikariDataSource [SpringApplicationShutdownHook] HikariPool-1 - Shutdown completed.
2025-04-14 16:40:49,053 [INFO] org.studyeasy.SpringRestDemo.SpringRestDemoApplication [main] Starting SpringRestDemoApplication using Java 21.0.6 with PID 54167 (/home/abrahamnyagar/Desktop/spring-boot/SpringRestDemo/target/classes started by abrahamnyagar in /home/abrahamnyagar/Desktop/spring-boot/SpringRestDemo)
2025-04-14 16:40:49,055 [DEBUG] org.studyeasy.SpringRestDemo.SpringRestDemoApplication [main] Running with Spring Boot v3.3.10, Spring v6.1.18
2025-04-14 16:40:49,057 [INFO] org.studyeasy.SpringRestDemo.SpringRestDemoApplication [main] No active profile set, falling back to 1 default profile: "default"
2025-04-14 16:40:50,199 [INFO] org.springframework.data.repository.config.RepositoryConfigurationDelegate [main] Bootstrapping Spring Data JPA repositories in DEFAULT mode.
2025-04-14 16:40:50,279 [INFO] org.springframework.data.repository.config.RepositoryConfigurationDelegate [main] Finished Spring Data repository scanning in 66 ms. Found 1 JPA repository interface.
2025-04-14 16:40:51,061 [INFO] org.springframework.boot.web.embedded.tomcat.TomcatWebServer [main] Tomcat initialized with port 8080 (http)
2025-04-14 16:40:51,077 [INFO] org.apache.catalina.core.StandardService [main] Starting service [Tomcat]
2025-04-14 16:40:51,078 [INFO] org.apache.catalina.core.StandardEngine [main] Starting Servlet engine: [Apache Tomcat/10.1.39]
2025-04-14 16:40:51,137 [INFO] org.apache.catalina.core.ContainerBase.[Tomcat].[localhost].[/] [main] Initializing Spring embedded WebApplicationContext
2025-04-14 16:40:51,138 [INFO] org.springframework.boot.web.servlet.context.ServletWebServerApplicationContext [main] Root WebApplicationContext: initialization completed in 2020 ms
2025-04-14 16:40:51,346 [INFO] org.hibernate.jpa.internal.util.LogHelper [main] HHH000204: Processing PersistenceUnitInfo [name: default]
2025-04-14 16:40:51,403 [INFO] org.hibernate.Version [main] HHH000412: Hibernate ORM core version 6.5.3.Final
2025-04-14 16:40:51,455 [INFO] org.hibernate.cache.internal.RegionFactoryInitiator [main] HHH000026: Second-level cache disabled
2025-04-14 16:40:51,772 [INFO] org.springframework.orm.jpa.persistenceunit.SpringPersistenceUnitInfo [main] No LoadTimeWeaver setup: ignoring JPA class transformer
2025-04-14 16:40:51,807 [INFO] com.zaxxer.hikari.HikariDataSource [main] HikariPool-1 - Starting...
2025-04-14 16:40:52,040 [INFO] com.zaxxer.hikari.pool.HikariPool [main] HikariPool-1 - Added connection conn0: url=jdbc:h2:file:~/db/blogdb user=ADMIN
2025-04-14 16:40:52,042 [INFO] com.zaxxer.hikari.HikariDataSource [main] HikariPool-1 - Start completed.
2025-04-14 16:40:52,079 [WARN] org.hibernate.orm.deprecation [main] HHH90000025: H2Dialect does not need to be specified explicitly using 'hibernate.dialect' (remove the property setting and it will be selected by default)
2025-04-14 16:40:52,817 [INFO] org.hibernate.engine.transaction.jta.platform.internal.JtaPlatformInitiator [main] HHH000489: No JTA platform available (set 'hibernate.transaction.jta.platform' to enable JTA platform integration)
2025-04-14 16:40:52,848 [INFO] org.springframework.orm.jpa.LocalContainerEntityManagerFactoryBean [main] Initialized JPA EntityManagerFactory for persistence unit 'default'
2025-04-14 16:40:53,995 [WARN] org.springframework.boot.autoconfigure.orm.jpa.JpaBaseConfiguration$JpaWebConfiguration [main] spring.jpa.open-in-view is enabled by default. Therefore, database queries may be performed during view rendering. Explicitly configure spring.jpa.open-in-view to disable this warning
2025-04-14 16:40:54,015 [INFO] org.springframework.security.config.annotation.authentication.configuration.InitializeUserDetailsBeanManagerConfigurer$InitializeUserDetailsManagerConfigurer [main] Global AuthenticationManager configured with UserDetailsService bean with name accountService
2025-04-14 16:40:54,697 [INFO] org.springframework.boot.autoconfigure.h2.H2ConsoleAutoConfiguration [main] H2 console available at '/db-console'. Database available at 'jdbc:h2:file:~/db/blogdb'
2025-04-14 16:40:54,781 [INFO] org.springframework.boot.web.embedded.tomcat.TomcatWebServer [main] Tomcat started on port 8080 (http) with context path '/'
2025-04-14 16:40:54,793 [INFO] org.studyeasy.SpringRestDemo.SpringRestDemoApplication [main] Started SpringRestDemoApplication in 6.283 seconds (process running for 6.607)
2025-04-14 16:40:58,153 [INFO] org.apache.catalina.core.ContainerBase.[Tomcat].[localhost].[/] [http-nio-8080-exec-1] Initializing Spring DispatcherServlet 'dispatcherServlet'
2025-04-14 16:40:58,154 [INFO] org.springframework.web.servlet.DispatcherServlet [http-nio-8080-exec-1] Initializing Servlet 'dispatcherServlet'
2025-04-14 16:40:58,156 [INFO] org.springframework.web.servlet.DispatcherServlet [http-nio-8080-exec-1] Completed initialization in 2 ms
2025-04-14 16:40:58,947 [INFO] org.springdoc.api.AbstractOpenApiResource [http-nio-8080-exec-7] Init duration for springdoc-openapi is: 419 ms
2025-04-14 16:41:40,985 [WARN] org.springframework.web.servlet.mvc.support.DefaultHandlerExceptionResolver [http-nio-8080-exec-10] Resolved [org.springframework.web.HttpMediaTypeNotSupportedException: Content-Type is not supported]
2025-04-14 16:42:22,597 [WARN] org.springframework.web.servlet.mvc.support.DefaultHandlerExceptionResolver [http-nio-8080-exec-4] Resolved [org.springframework.web.HttpMediaTypeNotSupportedException: Content-Type is not supported]
2025-04-14 16:46:10,439 [INFO] org.springframework.orm.jpa.LocalContainerEntityManagerFactoryBean [SpringApplicationShutdownHook] Closing JPA EntityManagerFactory for persistence unit 'default'
2025-04-14 16:46:10,442 [INFO] com.zaxxer.hikari.HikariDataSource [SpringApplicationShutdownHook] HikariPool-1 - Shutdown initiated...
2025-04-14 16:46:10,444 [INFO] com.zaxxer.hikari.HikariDataSource [SpringApplicationShutdownHook] HikariPool-1 - Shutdown completed.
2025-04-14 16:46:11,824 [INFO] org.studyeasy.SpringRestDemo.SpringRestDemoApplication [main] Starting SpringRestDemoApplication using Java 21.0.6 with PID 57848 (/home/abrahamnyagar/Desktop/spring-boot/SpringRestDemo/target/classes started by abrahamnyagar in /home/abrahamnyagar/Desktop/spring-boot/SpringRestDemo)
2025-04-14 16:46:11,826 [DEBUG] org.studyeasy.SpringRestDemo.SpringRestDemoApplication [main] Running with Spring Boot v3.3.10, Spring v6.1.18
2025-04-14 16:46:11,827 [INFO] org.studyeasy.SpringRestDemo.SpringRestDemoApplication [main] No active profile set, falling back to 1 default profile: "default"
2025-04-14 16:46:12,946 [INFO] org.springframework.data.repository.config.RepositoryConfigurationDelegate [main] Bootstrapping Spring Data JPA repositories in DEFAULT mode.
2025-04-14 16:46:13,013 [INFO] org.springframework.data.repository.config.RepositoryConfigurationDelegate [main] Finished Spring Data repository scanning in 59 ms. Found 1 JPA repository interface.
2025-04-14 16:46:13,732 [INFO] org.springframework.boot.web.embedded.tomcat.TomcatWebServer [main] Tomcat initialized with port 8080 (http)
2025-04-14 16:46:13,751 [INFO] org.apache.catalina.core.StandardService [main] Starting service [Tomcat]
2025-04-14 16:46:13,751 [INFO] org.apache.catalina.core.StandardEngine [main] Starting Servlet engine: [Apache Tomcat/10.1.39]
2025-04-14 16:46:13,812 [INFO] org.apache.catalina.core.ContainerBase.[Tomcat].[localhost].[/] [main] Initializing Spring embedded WebApplicationContext
2025-04-14 16:46:13,813 [INFO] org.springframework.boot.web.servlet.context.ServletWebServerApplicationContext [main] Root WebApplicationContext: initialization completed in 1922 ms
2025-04-14 16:46:13,997 [INFO] org.hibernate.jpa.internal.util.LogHelper [main] HHH000204: Processing PersistenceUnitInfo [name: default]
2025-04-14 16:46:14,048 [INFO] org.hibernate.Version [main] HHH000412: Hibernate ORM core version 6.5.3.Final
2025-04-14 16:46:14,099 [INFO] org.hibernate.cache.internal.RegionFactoryInitiator [main] HHH000026: Second-level cache disabled
2025-04-14 16:46:14,326 [INFO] org.springframework.orm.jpa.persistenceunit.SpringPersistenceUnitInfo [main] No LoadTimeWeaver setup: ignoring JPA class transformer
2025-04-14 16:46:14,353 [INFO] com.zaxxer.hikari.HikariDataSource [main] HikariPool-1 - Starting...
2025-04-14 16:46:14,552 [INFO] com.zaxxer.hikari.pool.HikariPool [main] HikariPool-1 - Added connection conn0: url=jdbc:h2:file:~/db/blogdb user=ADMIN
2025-04-14 16:46:14,553 [INFO] com.zaxxer.hikari.HikariDataSource [main] HikariPool-1 - Start completed.
2025-04-14 16:46:14,578 [WARN] org.hibernate.orm.deprecation [main] HHH90000025: H2Dialect does not need to be specified explicitly using 'hibernate.dialect' (remove the property setting and it will be selected by default)
2025-04-14 16:46:15,252 [INFO] org.hibernate.engine.transaction.jta.platform.internal.JtaPlatformInitiator [main] HHH000489: No JTA platform available (set 'hibernate.transaction.jta.platform' to enable JTA platform integration)
2025-04-14 16:46:15,290 [INFO] org.springframework.orm.jpa.LocalContainerEntityManagerFactoryBean [main] Initialized JPA EntityManagerFactory for persistence unit 'default'
2025-04-14 16:46:16,234 [WARN] org.springframework.boot.autoconfigure.orm.jpa.JpaBaseConfiguration$JpaWebConfiguration [main] spring.jpa.open-in-view is enabled by default. Therefore, database queries may be performed during view rendering. Explicitly configure spring.jpa.open-in-view to disable this warning
2025-04-14 16:46:16,253 [INFO] org.springframework.security.config.annotation.authentication.configuration.InitializeUserDetailsBeanManagerConfigurer$InitializeUserDetailsManagerConfigurer [main] Global AuthenticationManager configured with UserDetailsService bean with name accountService
2025-04-14 16:46:16,932 [INFO] org.springframework.boot.autoconfigure.h2.H2ConsoleAutoConfiguration [main] H2 console available at '/db-console'. Database available at 'jdbc:h2:file:~/db/blogdb'
2025-04-14 16:46:17,040 [INFO] org.springframework.boot.web.embedded.tomcat.TomcatWebServer [main] Tomcat started on port 8080 (http) with context path '/'
2025-04-14 16:46:17,051 [INFO] org.studyeasy.SpringRestDemo.SpringRestDemoApplication [main] Started SpringRestDemoApplication in 5.774 seconds (process running for 6.172)
2025-04-14 16:46:25,015 [INFO] org.apache.catalina.core.ContainerBase.[Tomcat].[localhost].[/] [http-nio-8080-exec-1] Initializing Spring DispatcherServlet 'dispatcherServlet'
2025-04-14 16:46:25,015 [INFO] org.springframework.web.servlet.DispatcherServlet [http-nio-8080-exec-1] Initializing Servlet 'dispatcherServlet'
2025-04-14 16:46:25,016 [INFO] org.springframework.web.servlet.DispatcherServlet [http-nio-8080-exec-1] Completed initialization in 1 ms
2025-04-14 16:46:29,745 [INFO] org.springframework.orm.jpa.LocalContainerEntityManagerFactoryBean [SpringApplicationShutdownHook] Closing JPA EntityManagerFactory for persistence unit 'default'
2025-04-14 16:46:29,748 [INFO] com.zaxxer.hikari.HikariDataSource [SpringApplicationShutdownHook] HikariPool-1 - Shutdown initiated...
2025-04-14 16:46:29,754 [INFO] com.zaxxer.hikari.HikariDataSource [SpringApplicationShutdownHook] HikariPool-1 - Shutdown completed.
2025-04-14 16:46:31,139 [INFO] org.studyeasy.SpringRestDemo.SpringRestDemoApplication [main] Starting SpringRestDemoApplication using Java 21.0.6 with PID 58168 (/home/abrahamnyagar/Desktop/spring-boot/SpringRestDemo/target/classes started by abrahamnyagar in /home/abrahamnyagar/Desktop/spring-boot/SpringRestDemo)
2025-04-14 16:46:31,141 [DEBUG] org.studyeasy.SpringRestDemo.SpringRestDemoApplication [main] Running with Spring Boot v3.3.10, Spring v6.1.18
2025-04-14 16:46:31,142 [INFO] org.studyeasy.SpringRestDemo.SpringRestDemoApplication [main] No active profile set, falling back to 1 default profile: "default"
2025-04-14 16:46:32,312 [INFO] org.springframework.data.repository.config.RepositoryConfigurationDelegate [main] Bootstrapping Spring Data JPA repositories in DEFAULT mode.
2025-04-14 16:46:32,384 [INFO] org.springframework.data.repository.config.RepositoryConfigurationDelegate [main] Finished Spring Data repository scanning in 59 ms. Found 1 JPA repository interface.
2025-04-14 16:46:33,110 [INFO] org.springframework.boot.web.embedded.tomcat.TomcatWebServer [main] Tomcat initialized with port 8080 (http)
2025-04-14 16:46:33,135 [INFO] org.apache.catalina.core.StandardService [main] Starting service [Tomcat]
2025-04-14 16:46:33,135 [INFO] org.apache.catalina.core.StandardEngine [main] Starting Servlet engine: [Apache Tomcat/10.1.39]
2025-04-14 16:46:33,223 [INFO] org.apache.catalina.core.ContainerBase.[Tomcat].[localhost].[/] [main] Initializing Spring embedded WebApplicationContext
2025-04-14 16:46:33,223 [INFO] org.springframework.boot.web.servlet.context.ServletWebServerApplicationContext [main] Root WebApplicationContext: initialization completed in 2015 ms
2025-04-14 16:46:33,481 [INFO] org.hibernate.jpa.internal.util.LogHelper [main] HHH000204: Processing PersistenceUnitInfo [name: default]
2025-04-14 16:46:33,540 [INFO] org.hibernate.Version [main] HHH000412: Hibernate ORM core version 6.5.3.Final
2025-04-14 16:46:33,618 [INFO] org.hibernate.cache.internal.RegionFactoryInitiator [main] HHH000026: Second-level cache disabled
2025-04-14 16:46:33,913 [INFO] org.springframework.orm.jpa.persistenceunit.SpringPersistenceUnitInfo [main] No LoadTimeWeaver setup: ignoring JPA class transformer
2025-04-14 16:46:33,946 [INFO] com.zaxxer.hikari.HikariDataSource [main] HikariPool-1 - Starting...
2025-04-14 16:46:34,158 [INFO] com.zaxxer.hikari.pool.HikariPool [main] HikariPool-1 - Added connection conn0: url=jdbc:h2:file:~/db/blogdb user=ADMIN
2025-04-14 16:46:34,160 [INFO] com.zaxxer.hikari.HikariDataSource [main] HikariPool-1 - Start completed.
2025-04-14 16:46:34,186 [WARN] org.hibernate.orm.deprecation [main] HHH90000025: H2Dialect does not need to be specified explicitly using 'hibernate.dialect' (remove the property setting and it will be selected by default)
2025-04-14 16:46:34,836 [INFO] org.hibernate.engine.transaction.jta.platform.internal.JtaPlatformInitiator [main] HHH000489: No JTA platform available (set 'hibernate.transaction.jta.platform' to enable JTA platform integration)
2025-04-14 16:46:34,875 [INFO] org.springframework.orm.jpa.LocalContainerEntityManagerFactoryBean [main] Initialized JPA EntityManagerFactory for persistence unit 'default'
2025-04-14 16:46:35,775 [WARN] org.springframework.boot.autoconfigure.orm.jpa.JpaBaseConfiguration$JpaWebConfiguration [main] spring.jpa.open-in-view is enabled by default. Therefore, database queries may be performed during view rendering. Explicitly configure spring.jpa.open-in-view to disable this warning
2025-04-14 16:46:35,806 [INFO] org.springframework.security.config.annotation.authentication.configuration.InitializeUserDetailsBeanManagerConfigurer$InitializeUserDetailsManagerConfigurer [main] Global AuthenticationManager configured with UserDetailsService bean with name accountService
2025-04-14 16:46:36,597 [INFO] org.springframework.boot.autoconfigure.h2.H2ConsoleAutoConfiguration [main] H2 console available at '/db-console'. Database available at 'jdbc:h2:file:~/db/blogdb'
2025-04-14 16:46:36,715 [INFO] org.springframework.boot.web.embedded.tomcat.TomcatWebServer [main] Tomcat started on port 8080 (http) with context path '/'
2025-04-14 16:46:36,731 [INFO] org.studyeasy.SpringRestDemo.SpringRestDemoApplication [main] Started SpringRestDemoApplication in 6.115 seconds (process running for 6.444)
2025-04-14 16:47:04,951 [INFO] org.apache.catalina.core.ContainerBase.[Tomcat].[localhost].[/] [http-nio-8080-exec-1] Initializing Spring DispatcherServlet 'dispatcherServlet'
2025-04-14 16:47:04,951 [INFO] org.springframework.web.servlet.DispatcherServlet [http-nio-8080-exec-1] Initializing Servlet 'dispatcherServlet'
2025-04-14 16:47:04,952 [INFO] org.springframework.web.servlet.DispatcherServlet [http-nio-8080-exec-1] Completed initialization in 1 ms
2025-04-14 16:47:05,797 [INFO] org.springdoc.api.AbstractOpenApiResource [http-nio-8080-exec-7] Init duration for springdoc-openapi is: 476 ms
2025-04-14 16:48:58,486 [WARN] org.springframework.web.servlet.mvc.support.DefaultHandlerExceptionResolver [http-nio-8080-exec-10] Resolved [org.springframework.web.HttpMediaTypeNotSupportedException: Content-Type is not supported]
2025-04-14 16:56:56,477 [INFO] org.springframework.orm.jpa.LocalContainerEntityManagerFactoryBean [SpringApplicationShutdownHook] Closing JPA EntityManagerFactory for persistence unit 'default'
2025-04-14 16:56:56,482 [INFO] com.zaxxer.hikari.HikariDataSource [SpringApplicationShutdownHook] HikariPool-1 - Shutdown initiated...
2025-04-14 16:56:56,485 [INFO] com.zaxxer.hikari.HikariDataSource [SpringApplicationShutdownHook] HikariPool-1 - Shutdown completed.
2025-04-14 16:57:10,826 [INFO] org.studyeasy.SpringRestDemo.SpringRestDemoApplication [main] Starting SpringRestDemoApplication using Java 21.0.6 with PID 64990 (/home/abrahamnyagar/Desktop/spring-boot/SpringRestDemo/target/classes started by abrahamnyagar in /home/abrahamnyagar/Desktop/spring-boot/SpringRestDemo)
2025-04-14 16:57:10,827 [DEBUG] org.studyeasy.SpringRestDemo.SpringRestDemoApplication [main] Running with Spring Boot v3.3.10, Spring v6.1.18
2025-04-14 16:57:10,829 [INFO] org.studyeasy.SpringRestDemo.SpringRestDemoApplication [main] No active profile set, falling back to 1 default profile: "default"
2025-04-14 16:57:12,136 [INFO] org.springframework.data.repository.config.RepositoryConfigurationDelegate [main] Bootstrapping Spring Data JPA repositories in DEFAULT mode.
2025-04-14 16:57:12,212 [INFO] org.springframework.data.repository.config.RepositoryConfigurationDelegate [main] Finished Spring Data repository scanning in 66 ms. Found 1 JPA repository interface.
2025-04-14 16:57:12,904 [INFO] org.springframework.boot.web.embedded.tomcat.TomcatWebServer [main] Tomcat initialized with port 8080 (http)
2025-04-14 16:57:12,923 [INFO] org.apache.catalina.core.StandardService [main] Starting service [Tomcat]
2025-04-14 16:57:12,924 [INFO] org.apache.catalina.core.StandardEngine [main] Starting Servlet engine: [Apache Tomcat/10.1.39]
2025-04-14 16:57:12,982 [INFO] org.apache.catalina.core.ContainerBase.[Tomcat].[localhost].[/] [main] Initializing Spring embedded WebApplicationContext
2025-04-14 16:57:12,983 [INFO] org.springframework.boot.web.servlet.context.ServletWebServerApplicationContext [main] Root WebApplicationContext: initialization completed in 2087 ms
2025-04-14 16:57:13,170 [INFO] org.hibernate.jpa.internal.util.LogHelper [main] HHH000204: Processing PersistenceUnitInfo [name: default]
2025-04-14 16:57:13,223 [INFO] org.hibernate.Version [main] HHH000412: Hibernate ORM core version 6.5.3.Final
2025-04-14 16:57:13,291 [INFO] org.hibernate.cache.internal.RegionFactoryInitiator [main] HHH000026: Second-level cache disabled
2025-04-14 16:57:13,534 [INFO] org.springframework.orm.jpa.persistenceunit.SpringPersistenceUnitInfo [main] No LoadTimeWeaver setup: ignoring JPA class transformer
2025-04-14 16:57:13,567 [INFO] com.zaxxer.hikari.HikariDataSource [main] HikariPool-1 - Starting...
2025-04-14 16:57:13,759 [INFO] com.zaxxer.hikari.pool.HikariPool [main] HikariPool-1 - Added connection conn0: url=jdbc:h2:file:~/db/blogdb user=ADMIN
2025-04-14 16:57:13,761 [INFO] com.zaxxer.hikari.HikariDataSource [main] HikariPool-1 - Start completed.
2025-04-14 16:57:13,788 [WARN] org.hibernate.orm.deprecation [main] HHH90000025: H2Dialect does not need to be specified explicitly using 'hibernate.dialect' (remove the property setting and it will be selected by default)
2025-04-14 16:57:14,481 [INFO] org.hibernate.engine.transaction.jta.platform.internal.JtaPlatformInitiator [main] HHH000489: No JTA platform available (set 'hibernate.transaction.jta.platform' to enable JTA platform integration)
2025-04-14 16:57:14,521 [INFO] org.springframework.orm.jpa.LocalContainerEntityManagerFactoryBean [main] Initialized JPA EntityManagerFactory for persistence unit 'default'
2025-04-14 16:57:15,663 [WARN] org.springframework.boot.autoconfigure.orm.jpa.JpaBaseConfiguration$JpaWebConfiguration [main] spring.jpa.open-in-view is enabled by default. Therefore, database queries may be performed during view rendering. Explicitly configure spring.jpa.open-in-view to disable this warning
2025-04-14 16:57:15,687 [INFO] org.springframework.security.config.annotation.authentication.configuration.InitializeUserDetailsBeanManagerConfigurer$InitializeUserDetailsManagerConfigurer [main] Global AuthenticationManager configured with UserDetailsService bean with name accountService
2025-04-14 16:57:16,236 [INFO] org.springframework.boot.autoconfigure.h2.H2ConsoleAutoConfiguration [main] H2 console available at '/db-console'. Database available at 'jdbc:h2:file:~/db/blogdb'
2025-04-14 16:57:16,317 [INFO] org.springframework.boot.web.embedded.tomcat.TomcatWebServer [main] Tomcat started on port 8080 (http) with context path '/'
2025-04-14 16:57:16,477 [INFO] org.apache.catalina.core.ContainerBase.[Tomcat].[localhost].[/] [http-nio-8080-exec-1] Initializing Spring DispatcherServlet 'dispatcherServlet'
2025-04-14 16:57:16,727 [INFO] org.springframework.web.servlet.DispatcherServlet [http-nio-8080-exec-1] Initializing Servlet 'dispatcherServlet'
2025-04-14 16:57:16,730 [INFO] org.springframework.web.servlet.DispatcherServlet [http-nio-8080-exec-1] Completed initialization in 3 ms
2025-04-14 16:57:16,744 [INFO] org.studyeasy.SpringRestDemo.SpringRestDemoApplication [main] Started SpringRestDemoApplication in 6.321 seconds (process running for 6.621)
2025-04-14 16:57:17,572 [INFO] org.springdoc.api.AbstractOpenApiResource [http-nio-8080-exec-7] Init duration for springdoc-openapi is: 405 ms
2025-04-14 16:58:06,897 [WARN] org.springframework.web.servlet.mvc.support.DefaultHandlerExceptionResolver [http-nio-8080-exec-10] Resolved [org.springframework.web.HttpMediaTypeNotSupportedException: Content-Type is not supported]
2025-04-14 17:05:55,310 [INFO] org.springframework.orm.jpa.LocalContainerEntityManagerFactoryBean [SpringApplicationShutdownHook] Closing JPA EntityManagerFactory for persistence unit 'default'
2025-04-14 17:05:55,314 [INFO] com.zaxxer.hikari.HikariDataSource [SpringApplicationShutdownHook] HikariPool-1 - Shutdown initiated...
2025-04-14 17:05:55,317 [INFO] com.zaxxer.hikari.HikariDataSource [SpringApplicationShutdownHook] HikariPool-1 - Shutdown completed.
2025-04-14 17:05:56,513 [INFO] org.studyeasy.SpringRestDemo.SpringRestDemoApplication [main] Starting SpringRestDemoApplication using Java 21.0.6 with PID 70892 (/home/abrahamnyagar/Desktop/spring-boot/SpringRestDemo/target/classes started by abrahamnyagar in /home/abrahamnyagar/Desktop/spring-boot/SpringRestDemo)
2025-04-14 17:05:56,514 [DEBUG] org.studyeasy.SpringRestDemo.SpringRestDemoApplication [main] Running with Spring Boot v3.3.10, Spring v6.1.18
2025-04-14 17:05:56,515 [INFO] org.studyeasy.SpringRestDemo.SpringRestDemoApplication [main] No active profile set, falling back to 1 default profile: "default"
2025-04-14 17:05:57,572 [INFO] org.springframework.data.repository.config.RepositoryConfigurationDelegate [main] Bootstrapping Spring Data JPA repositories in DEFAULT mode.
2025-04-14 17:05:57,675 [INFO] org.springframework.data.repository.config.RepositoryConfigurationDelegate [main] Finished Spring Data repository scanning in 92 ms. Found 1 JPA repository interface.
2025-04-14 17:05:58,272 [INFO] org.springframework.boot.web.embedded.tomcat.TomcatWebServer [main] Tomcat initialized with port 8080 (http)
2025-04-14 17:05:58,290 [INFO] org.apache.catalina.core.StandardService [main] Starting service [Tomcat]
2025-04-14 17:05:58,290 [INFO] org.apache.catalina.core.StandardEngine [main] Starting Servlet engine: [Apache Tomcat/10.1.39]
2025-04-14 17:05:58,346 [INFO] org.apache.catalina.core.ContainerBase.[Tomcat].[localhost].[/] [main] Initializing Spring embedded WebApplicationContext
2025-04-14 17:05:58,346 [INFO] org.springframework.boot.web.servlet.context.ServletWebServerApplicationContext [main] Root WebApplicationContext: initialization completed in 1770 ms
2025-04-14 17:05:58,560 [INFO] org.hibernate.jpa.internal.util.LogHelper [main] HHH000204: Processing PersistenceUnitInfo [name: default]
2025-04-14 17:05:58,610 [INFO] org.hibernate.Version [main] HHH000412: Hibernate ORM core version 6.5.3.Final
2025-04-14 17:05:58,648 [INFO] org.hibernate.cache.internal.RegionFactoryInitiator [main] HHH000026: Second-level cache disabled
2025-04-14 17:05:58,924 [INFO] org.springframework.orm.jpa.persistenceunit.SpringPersistenceUnitInfo [main] No LoadTimeWeaver setup: ignoring JPA class transformer
2025-04-14 17:05:58,952 [INFO] com.zaxxer.hikari.HikariDataSource [main] HikariPool-1 - Starting...
2025-04-14 17:05:59,151 [INFO] com.zaxxer.hikari.pool.HikariPool [main] HikariPool-1 - Added connection conn0: url=jdbc:h2:file:~/db/blogdb user=ADMIN
2025-04-14 17:05:59,152 [INFO] com.zaxxer.hikari.HikariDataSource [main] HikariPool-1 - Start completed.
2025-04-14 17:05:59,177 [WARN] org.hibernate.orm.deprecation [main] HHH90000025: H2Dialect does not need to be specified explicitly using 'hibernate.dialect' (remove the property setting and it will be selected by default)
2025-04-14 17:05:59,848 [INFO] org.hibernate.engine.transaction.jta.platform.internal.JtaPlatformInitiator [main] HHH000489: No JTA platform available (set 'hibernate.transaction.jta.platform' to enable JTA platform integration)
2025-04-14 17:05:59,882 [INFO] org.springframework.orm.jpa.LocalContainerEntityManagerFactoryBean [main] Initialized JPA EntityManagerFactory for persistence unit 'default'
2025-04-14 17:06:00,723 [WARN] org.springframework.boot.autoconfigure.orm.jpa.JpaBaseConfiguration$JpaWebConfiguration [main] spring.jpa.open-in-view is enabled by default. Therefore, database queries may be performed during view rendering. Explicitly configure spring.jpa.open-in-view to disable this warning
2025-04-14 17:06:00,746 [INFO] org.springframework.security.config.annotation.authentication.configuration.InitializeUserDetailsBeanManagerConfigurer$InitializeUserDetailsManagerConfigurer [main] Global AuthenticationManager configured with UserDetailsService bean with name accountService
2025-04-14 17:06:01,432 [INFO] org.springframework.boot.autoconfigure.h2.H2ConsoleAutoConfiguration [main] H2 console available at '/db-console'. Database available at 'jdbc:h2:file:~/db/blogdb'
2025-04-14 17:06:01,589 [INFO] org.springframework.boot.web.embedded.tomcat.TomcatWebServer [main] Tomcat started on port 8080 (http) with context path '/'
2025-04-14 17:06:01,605 [INFO] org.studyeasy.SpringRestDemo.SpringRestDemoApplication [main] Started SpringRestDemoApplication in 5.551 seconds (process running for 5.856)
2025-04-14 17:06:02,998 [INFO] org.springframework.orm.jpa.LocalContainerEntityManagerFactoryBean [SpringApplicationShutdownHook] Closing JPA EntityManagerFactory for persistence unit 'default'
2025-04-14 17:06:03,002 [INFO] com.zaxxer.hikari.HikariDataSource [SpringApplicationShutdownHook] HikariPool-1 - Shutdown initiated...
2025-04-14 17:06:03,004 [INFO] com.zaxxer.hikari.HikariDataSource [SpringApplicationShutdownHook] HikariPool-1 - Shutdown completed.
2025-04-14 17:06:04,576 [INFO] org.studyeasy.SpringRestDemo.SpringRestDemoApplication [main] Starting SpringRestDemoApplication using Java 21.0.6 with PID 71075 (/home/abrahamnyagar/Desktop/spring-boot/SpringRestDemo/target/classes started by abrahamnyagar in /home/abrahamnyagar/Desktop/spring-boot/SpringRestDemo)
2025-04-14 17:06:04,577 [DEBUG] org.studyeasy.SpringRestDemo.SpringRestDemoApplication [main] Running with Spring Boot v3.3.10, Spring v6.1.18
2025-04-14 17:06:04,578 [INFO] org.studyeasy.SpringRestDemo.SpringRestDemoApplication [main] No active profile set, falling back to 1 default profile: "default"
2025-04-14 17:06:05,604 [INFO] org.springframework.data.repository.config.RepositoryConfigurationDelegate [main] Bootstrapping Spring Data JPA repositories in DEFAULT mode.
2025-04-14 17:06:05,694 [INFO] org.springframework.data.repository.config.RepositoryConfigurationDelegate [main] Finished Spring Data repository scanning in 81 ms. Found 1 JPA repository interface.
2025-04-14 17:06:06,364 [INFO] org.springframework.boot.web.embedded.tomcat.TomcatWebServer [main] Tomcat initialized with port 8080 (http)
2025-04-14 17:06:06,383 [INFO] org.apache.catalina.core.StandardService [main] Starting service [Tomcat]
2025-04-14 17:06:06,383 [INFO] org.apache.catalina.core.StandardEngine [main] Starting Servlet engine: [Apache Tomcat/10.1.39]
2025-04-14 17:06:06,454 [INFO] org.apache.catalina.core.ContainerBase.[Tomcat].[localhost].[/] [main] Initializing Spring embedded WebApplicationContext
2025-04-14 17:06:06,454 [INFO] org.springframework.boot.web.servlet.context.ServletWebServerApplicationContext [main] Root WebApplicationContext: initialization completed in 1807 ms
2025-04-14 17:06:06,644 [INFO] org.hibernate.jpa.internal.util.LogHelper [main] HHH000204: Processing PersistenceUnitInfo [name: default]
2025-04-14 17:06:06,696 [INFO] org.hibernate.Version [main] HHH000412: Hibernate ORM core version 6.5.3.Final
2025-04-14 17:06:06,739 [INFO] org.hibernate.cache.internal.RegionFactoryInitiator [main] HHH000026: Second-level cache disabled
2025-04-14 17:06:06,999 [INFO] org.springframework.orm.jpa.persistenceunit.SpringPersistenceUnitInfo [main] No LoadTimeWeaver setup: ignoring JPA class transformer
2025-04-14 17:06:07,029 [INFO] com.zaxxer.hikari.HikariDataSource [main] HikariPool-1 - Starting...
2025-04-14 17:06:07,218 [INFO] com.zaxxer.hikari.pool.HikariPool [main] HikariPool-1 - Added connection conn0: url=jdbc:h2:file:~/db/blogdb user=ADMIN
2025-04-14 17:06:07,219 [INFO] com.zaxxer.hikari.HikariDataSource [main] HikariPool-1 - Start completed.
2025-04-14 17:06:07,247 [WARN] org.hibernate.orm.deprecation [main] HHH90000025: H2Dialect does not need to be specified explicitly using 'hibernate.dialect' (remove the property setting and it will be selected by default)
2025-04-14 17:06:08,026 [INFO] org.hibernate.engine.transaction.jta.platform.internal.JtaPlatformInitiator [main] HHH000489: No JTA platform available (set 'hibernate.transaction.jta.platform' to enable JTA platform integration)
2025-04-14 17:06:08,055 [INFO] org.springframework.orm.jpa.LocalContainerEntityManagerFactoryBean [main] Initialized JPA EntityManagerFactory for persistence unit 'default'
2025-04-14 17:06:08,917 [WARN] org.springframework.boot.autoconfigure.orm.jpa.JpaBaseConfiguration$JpaWebConfiguration [main] spring.jpa.open-in-view is enabled by default. Therefore, database queries may be performed during view rendering. Explicitly configure spring.jpa.open-in-view to disable this warning
2025-04-14 17:06:08,939 [INFO] org.springframework.security.config.annotation.authentication.configuration.InitializeUserDetailsBeanManagerConfigurer$InitializeUserDetailsManagerConfigurer [main] Global AuthenticationManager configured with UserDetailsService bean with name accountService
2025-04-14 17:06:09,442 [INFO] org.springframework.boot.autoconfigure.h2.H2ConsoleAutoConfiguration [main] H2 console available at '/db-console'. Database available at 'jdbc:h2:file:~/db/blogdb'
2025-04-14 17:06:09,522 [INFO] org.springframework.boot.web.embedded.tomcat.TomcatWebServer [main] Tomcat started on port 8080 (http) with context path '/'
2025-04-14 17:06:09,536 [INFO] org.studyeasy.SpringRestDemo.SpringRestDemoApplication [main] Started SpringRestDemoApplication in 5.487 seconds (process running for 5.895)
2025-04-14 17:06:11,610 [INFO] org.apache.catalina.core.ContainerBase.[Tomcat].[localhost].[/] [http-nio-8080-exec-1] Initializing Spring DispatcherServlet 'dispatcherServlet'
2025-04-14 17:06:11,610 [INFO] org.springframework.web.servlet.DispatcherServlet [http-nio-8080-exec-1] Initializing Servlet 'dispatcherServlet'
2025-04-14 17:06:11,611 [INFO] org.springframework.web.servlet.DispatcherServlet [http-nio-8080-exec-1] Completed initialization in 1 ms
2025-04-14 17:06:12,371 [INFO] org.springdoc.api.AbstractOpenApiResource [http-nio-8080-exec-7] Init duration for springdoc-openapi is: 394 ms
2025-04-14 17:06:45,777 [WARN] org.springframework.web.servlet.mvc.support.DefaultHandlerExceptionResolver [http-nio-8080-exec-9] Resolved [org.springframework.web.HttpMediaTypeNotSupportedException: Content-Type is not supported]
2025-04-14 17:48:57,140 [INFO] org.springframework.orm.jpa.LocalContainerEntityManagerFactoryBean [SpringApplicationShutdownHook] Closing JPA EntityManagerFactory for persistence unit 'default'
2025-04-14 17:48:57,144 [INFO] com.zaxxer.hikari.HikariDataSource [SpringApplicationShutdownHook] HikariPool-1 - Shutdown initiated...
2025-04-14 17:48:57,147 [INFO] com.zaxxer.hikari.HikariDataSource [SpringApplicationShutdownHook] HikariPool-1 - Shutdown completed.
2025-04-14 17:55:29,507 [INFO] org.studyeasy.SpringRestDemo.SpringRestDemoApplication [main] Starting SpringRestDemoApplication using Java 21.0.6 with PID 88958 (/home/abrahamnyagar/Desktop/spring-boot/SpringRestDemo/target/classes started by abrahamnyagar in /home/abrahamnyagar/Desktop/spring-boot/SpringRestDemo)
2025-04-14 17:55:29,508 [DEBUG] org.studyeasy.SpringRestDemo.SpringRestDemoApplication [main] Running with Spring Boot v3.3.10, Spring v6.1.18
2025-04-14 17:55:29,509 [INFO] org.studyeasy.SpringRestDemo.SpringRestDemoApplication [main] No active profile set, falling back to 1 default profile: "default"
2025-04-14 17:55:30,315 [INFO] org.springframework.data.repository.config.RepositoryConfigurationDelegate [main] Bootstrapping Spring Data JPA repositories in DEFAULT mode.
2025-04-14 17:55:30,377 [INFO] org.springframework.data.repository.config.RepositoryConfigurationDelegate [main] Finished Spring Data repository scanning in 54 ms. Found 1 JPA repository interface.
2025-04-14 17:55:30,975 [INFO] org.springframework.boot.web.embedded.tomcat.TomcatWebServer [main] Tomcat initialized with port 8080 (http)
2025-04-14 17:55:30,989 [INFO] org.apache.catalina.core.StandardService [main] Starting service [Tomcat]
2025-04-14 17:55:30,990 [INFO] org.apache.catalina.core.StandardEngine [main] Starting Servlet engine: [Apache Tomcat/10.1.39]
2025-04-14 17:55:31,048 [INFO] org.apache.catalina.core.ContainerBase.[Tomcat].[localhost].[/] [main] Initializing Spring embedded WebApplicationContext
2025-04-14 17:55:31,049 [INFO] org.springframework.boot.web.servlet.context.ServletWebServerApplicationContext [main] Root WebApplicationContext: initialization completed in 1482 ms
2025-04-14 17:55:31,243 [INFO] org.hibernate.jpa.internal.util.LogHelper [main] HHH000204: Processing PersistenceUnitInfo [name: default]
2025-04-14 17:55:31,297 [INFO] org.hibernate.Version [main] HHH000412: Hibernate ORM core version 6.5.3.Final
2025-04-14 17:55:31,336 [INFO] org.hibernate.cache.internal.RegionFactoryInitiator [main] HHH000026: Second-level cache disabled
2025-04-14 17:55:31,612 [INFO] org.springframework.orm.jpa.persistenceunit.SpringPersistenceUnitInfo [main] No LoadTimeWeaver setup: ignoring JPA class transformer
2025-04-14 17:55:31,650 [INFO] com.zaxxer.hikari.HikariDataSource [main] HikariPool-1 - Starting...
2025-04-14 17:55:31,838 [INFO] com.zaxxer.hikari.pool.HikariPool [main] HikariPool-1 - Added connection conn0: url=jdbc:h2:file:~/db/blogdb user=ADMIN
2025-04-14 17:55:31,839 [INFO] com.zaxxer.hikari.HikariDataSource [main] HikariPool-1 - Start completed.
2025-04-14 17:55:31,862 [WARN] org.hibernate.orm.deprecation [main] HHH90000025: H2Dialect does not need to be specified explicitly using 'hibernate.dialect' (remove the property setting and it will be selected by default)
2025-04-14 17:55:32,442 [INFO] org.hibernate.engine.transaction.jta.platform.internal.JtaPlatformInitiator [main] HHH000489: No JTA platform available (set 'hibernate.transaction.jta.platform' to enable JTA platform integration)
2025-04-14 17:55:32,472 [INFO] org.springframework.orm.jpa.LocalContainerEntityManagerFactoryBean [main] Initialized JPA EntityManagerFactory for persistence unit 'default'
2025-04-14 17:55:33,249 [WARN] org.springframework.boot.autoconfigure.orm.jpa.JpaBaseConfiguration$JpaWebConfiguration [main] spring.jpa.open-in-view is enabled by default. Therefore, database queries may be performed during view rendering. Explicitly configure spring.jpa.open-in-view to disable this warning
2025-04-14 17:55:33,271 [INFO] org.springframework.security.config.annotation.authentication.configuration.InitializeUserDetailsBeanManagerConfigurer$InitializeUserDetailsManagerConfigurer [main] Global AuthenticationManager configured with UserDetailsService bean with name accountService
2025-04-14 17:55:33,744 [INFO] org.springframework.boot.autoconfigure.h2.H2ConsoleAutoConfiguration [main] H2 console available at '/db-console'. Database available at 'jdbc:h2:file:~/db/blogdb'
2025-04-14 17:55:33,830 [INFO] org.springframework.boot.web.embedded.tomcat.TomcatWebServer [main] Tomcat started on port 8080 (http) with context path '/'
2025-04-14 17:55:33,843 [INFO] org.studyeasy.SpringRestDemo.SpringRestDemoApplication [main] Started SpringRestDemoApplication in 4.841 seconds (process running for 5.162)
2025-04-14 17:56:01,499 [INFO] org.apache.catalina.core.ContainerBase.[Tomcat].[localhost].[/] [http-nio-8080-exec-1] Initializing Spring DispatcherServlet 'dispatcherServlet'
2025-04-14 17:56:01,500 [INFO] org.springframework.web.servlet.DispatcherServlet [http-nio-8080-exec-1] Initializing Servlet 'dispatcherServlet'
2025-04-14 17:56:01,501 [INFO] org.springframework.web.servlet.DispatcherServlet [http-nio-8080-exec-1] Completed initialization in 1 ms
2025-04-14 17:56:05,936 [INFO] org.springdoc.api.AbstractOpenApiResource [http-nio-8080-exec-7] Init duration for springdoc-openapi is: 359 ms
2025-04-14 17:58:08,384 [WARN] org.springframework.web.servlet.mvc.support.DefaultHandlerExceptionResolver [http-nio-8080-exec-3] Resolved [org.springframework.web.HttpMediaTypeNotSupportedException: Content-Type is not supported]
2025-04-14 17:59:03,302 [INFO] org.springframework.orm.jpa.LocalContainerEntityManagerFactoryBean [SpringApplicationShutdownHook] Closing JPA EntityManagerFactory for persistence unit 'default'
2025-04-14 17:59:03,304 [INFO] com.zaxxer.hikari.HikariDataSource [SpringApplicationShutdownHook] HikariPool-1 - Shutdown initiated...
2025-04-14 17:59:03,306 [INFO] com.zaxxer.hikari.HikariDataSource [SpringApplicationShutdownHook] HikariPool-1 - Shutdown completed.
